[0;34mℹ Starting deployment at Tue Dec 30 07:19:14 UTC 2025[0m
[0;34mℹ Log file: deployment_20251230_071914.log[0m
[0;34mℹ Checking Docker installation...[0m
[0;32m✓ Docker is installed (Docker version 28.2.2, build 28.2.2-0ubuntu1~24.04.1)[0m
[0;34mℹ Checking Docker service...[0m
[0;32m✓ Docker service is running[0m
[0;34mℹ Checking Docker Compose installation...[0m
[0;32m✓ Docker Compose is installed (Docker Compose version v5.0.1)[0m
[0;34mℹ Checking Docker permissions...[0m
[0;32m✓ Docker permissions verified[0m
[0;34mℹ Checking disk space...[0m
[0;32m✓ Sufficient disk space: 5GB available[0m
[0;34mℹ Checking project directory...[0m
[0;32m✓ Project directory verified[0m
[0;34mℹ Checking backend environment file...[0m
[0;32m✓ Backend environment file exists[0m
[0;34mℹ Validating backend environment...[0m
[1;33m⚠ SESSION_SECRET not configured properly![0m
[0;34mℹ Update SESSION_SECRET in server/.env with a secure random string[0m
[0;32m✓ Backend environment validated[0m
[0;34mℹ Checking frontend environment file...[0m
[0;32m✓ Frontend environment file exists[0m
[0;34mℹ Checking for running containers...[0m
[0;32m✓ No running containers found[0m
[0;34mℹ Building Docker images (this may take several minutes)...[0m
time="2025-12-30T07:19:14Z" level=warning msg="Docker Compose requires buildx plugin to be installed"
 Image bill-automation-backend Building 
 Image bill-automation-backend Building 
Sending build context to Docker daemon  9.841kB
Step 1/9 : FROM node:18-alpine
 ---> ee77c6cd7c18
Step 2/9 : WORKDIR /app
 ---> Using cache
 ---> 851f686a9561
Step 3/9 : COPY package*.json ./
 ---> 689fd5ad2a21
Step 4/9 : RUN npm ci --only=production
 ---> Running in 21b6b9c37edb
[91mnpm warn config only Use `--omit=dev` to omit dev dependencies from the install.
[0m[91mnpm error code EUSAGE
[0m[91mnpm error
npm error The `npm ci` command can only install with an existing package-lock.json or
npm error npm-shrinkwrap.json with lockfileVersion >= 1. Run an install with npm@5 or
npm error later to generate a package-lock.json file, then try again.
npm error
npm error Clean install a project
npm error
npm error Usage:
npm error npm ci
npm error
npm error Options:
npm error [--install-strategy <hoisted|nested|shallow|linked>] [--legacy-bundling]
npm error [--global-style] [--omit <dev|optional|peer> [--omit <dev|optional|peer> ...]]
npm error [--include <prod|dev|optional|peer> [--include <prod|dev|optional|peer> ...]]
npm error [--strict-peer-deps] [--foreground-scripts] [--ignore-scripts] [--no-audit]
npm error [--no-bin-links] [--no-fund] [--dry-run]
npm error [-w|--workspace <workspace-name> [-w|--workspace <workspace-name> ...]]
npm error [-ws|--workspaces] [--include-workspace-root] [--install-links]
npm error
npm error aliases: clean-install, ic, install-clean, isntall-clean
npm error
npm error Run "npm help ci" for more info
[0m[91mnpm error A complete log of this run can be found in: /root/.npm/_logs/2025-12-30T07_19_15_794Z-debug-0.log
[0mThe command '/bin/sh -c npm ci --only=production' returned a non-zero code: 1
[0;32m✓ Docker images built successfully[0m
[0;34mℹ Starting containers...[0m
time="2025-12-30T07:19:16Z" level=warning msg="Docker Compose requires buildx plugin to be installed"
 Image bill-automation-backend Building 
 Image bill-automation-backend Building 
Sending build context to Docker daemon  9.841kB
Step 1/9 : FROM node:18-alpine
 ---> ee77c6cd7c18
Step 2/9 : WORKDIR /app
 ---> Using cache
 ---> 851f686a9561
Step 3/9 : COPY package*.json ./
 ---> Using cache
 ---> 689fd5ad2a21
Step 4/9 : RUN npm ci --only=production
 ---> Running in 8b67bda9548f
[91mnpm warn config only Use `--omit=dev` to omit dev dependencies from the install.
[0m[91mnpm error code EUSAGE
[0m[91mnpm error
npm error The `npm ci` command can only install with an existing package-lock.json or
npm error npm-shrinkwrap.json with lockfileVersion >= 1. Run an install with npm@5 or
npm error later to generate a package-lock.json file, then try again.
npm error
npm error Clean install a project
npm error
npm error Usage:
npm error npm ci
npm error
npm error Options:
npm error [--install-strategy <hoisted|nested|shallow|linked>] [--legacy-bundling]
npm error [--global-style] [--omit <dev|optional|peer> [--omit <dev|optional|peer> ...]]
npm error [--include <prod|dev|optional|peer> [--include <prod|dev|optional|peer> ...]]
npm error [--strict-peer-deps] [--foreground-scripts] [--ignore-scripts] [--no-audit]
npm error [--no-bin-links] [--no-fund] [--dry-run]
npm error [-w|--workspace <workspace-name> [-w|--workspace <workspace-name> ...]]
npm error [-ws|--workspaces] [--include-workspace-root] [--install-links]
npm error
npm error aliases: clean-install, ic, install-clean, isntall-clean
npm error
npm error Run "npm help ci" for more info
[0m[91mnpm error A complete log of this run can be found in: /root/.npm/_logs/2025-12-30T07_19_17_150Z-debug-0.log
[0mThe command '/bin/sh -c npm ci --only=production' returned a non-zero code: 1
[0;32m✓ Containers started[0m
[0;34mℹ Waiting for containers to be ready (30 seconds)...[0m
[0;34mℹ Checking container status...[0m
[0;31m✗ Backend container is not running (Status: not found)[0m
