[0;34mℹ Starting deployment at Tue Dec 30 07:20:55 UTC 2025[0m
[0;34mℹ Log file: deployment_20251230_072055.log[0m
[0;34mℹ Checking Docker installation...[0m
[0;32m✓ Docker is installed (Docker version 28.2.2, build 28.2.2-0ubuntu1~24.04.1)[0m
[0;34mℹ Checking Docker service...[0m
[0;32m✓ Docker service is running[0m
[0;34mℹ Checking Docker Compose installation...[0m
[0;32m✓ Docker Compose is installed (Docker Compose version v5.0.1)[0m
[0;34mℹ Checking Docker permissions...[0m
[0;32m✓ Docker permissions verified[0m
[0;34mℹ Checking disk space...[0m
[0;32m✓ Sufficient disk space: 5GB available[0m
[0;34mℹ Checking project directory...[0m
[0;32m✓ Project directory verified[0m
[0;34mℹ Checking backend environment file...[0m
[0;32m✓ Backend environment file exists[0m
[0;34mℹ Validating backend environment...[0m
[1;33m⚠ SESSION_SECRET not configured properly![0m
[0;34mℹ Update SESSION_SECRET in server/.env with a secure random string[0m
[0;32m✓ Backend environment validated[0m
[0;34mℹ Checking frontend environment file...[0m
[0;32m✓ Frontend environment file exists[0m
[0;34mℹ Checking for running containers...[0m
[0;32m✓ No running containers found[0m
[0;34mℹ Building Docker images (this may take several minutes)...[0m
time="2025-12-30T07:20:55Z" level=warning msg="Docker Compose requires buildx plugin to be installed"
 Image bill-automation-backend Building 
 Image bill-automation-backend Building 
Sending build context to Docker daemon  9.843kB
Step 1/9 : FROM node:18-alpine
 ---> ee77c6cd7c18
Step 2/9 : WORKDIR /app
 ---> Using cache
 ---> 851f686a9561
Step 3/9 : COPY package*.json ./
 ---> Using cache
 ---> 689fd5ad2a21
Step 4/9 : RUN npm install --production
 ---> Running in d91412a699bf
[91mnpm warn config production Use `--omit=dev` instead.
[0m[91mnpm warn deprecated inflight@1.0.6: This module is not supported, and leaks memory. Do not use it. Check out lru-cache if you want a good and tested way to coalesce async requests by a key value, which is much more comprehensive and powerful.
[0m[91mnpm warn deprecated glob@7.2.3: Glob versions prior to v9 are no longer supported
[0m[91mnpm warn deprecated @npmcli/move-file@1.1.2: This functionality has been moved to @npmcli/fs
[0m[91mnpm warn deprecated are-we-there-yet@2.0.0: This package is no longer supported.
[0m[91mnpm warn deprecated npmlog@5.0.1: This package is no longer supported.
[0m[91mnpm warn deprecated rimraf@3.0.2: Rimraf versions prior to v4 are no longer supported
[0m[91mnpm warn deprecated gauge@3.0.2: This package is no longer supported.
[0m[91mnpm warn deprecated npmlog@6.0.2: This package is no longer supported.
[0m[91mnpm warn deprecated are-we-there-yet@3.0.1: This package is no longer supported.
[0m[91mnpm warn deprecated multer@1.4.5-lts.2: Multer 1.x is impacted by a number of vulnerabilities, which have been patched in 2.x. You should upgrade to the latest 2.x version.
[0m[91mnpm warn deprecated gauge@4.0.4: This package is no longer supported.
[0m
added 286 packages, and audited 287 packages in 24s

61 packages are looking for funding
  run `npm fund` for details

found 0 vulnerabilities
[91mnpm notice
npm notice New major version of npm available! 10.8.2 -> 11.7.0
npm notice Changelog: https://github.com/npm/cli/releases/tag/v11.7.0
npm notice To update run: npm install -g npm@11.7.0
npm notice
[0m ---> Removed intermediate container d91412a699bf
 ---> e23fc6b581d6
Step 5/9 : COPY . .
 ---> 183bbb8ef80d
Step 6/9 : RUN mkdir -p uploads
 ---> Running in 8b9b581acf71
 ---> Removed intermediate container 8b9b581acf71
 ---> 0426e59720e8
Step 7/9 : EXPOSE 5000
 ---> Running in cbb67bc2022a
 ---> Removed intermediate container cbb67bc2022a
 ---> 9066ca373ddc
Step 8/9 : CMD ["node", "index.js"]
 ---> Running in f74e070f1d94
 ---> Removed intermediate container f74e070f1d94
 ---> ea79e473fb79
Step 9/9 : LABEL com.docker.compose.image.builder=classic
 ---> Running in c532b8ad4360
 ---> Removed intermediate container c532b8ad4360
 ---> 199cc8ebdca6
Successfully built 199cc8ebdca6
Successfully tagged bill-automation-backend:latest
 Image bill-automation-backend Built 
 Image bill-automation-backend Built 
 Image bill-automation-frontend Building 
 Image bill-automation-frontend Building 
Sending build context to Docker daemon  165.6kB
Step 1/12 : FROM node:18-alpine AS build
 ---> ee77c6cd7c18
Step 2/12 : WORKDIR /app
 ---> Using cache
 ---> 851f686a9561
Step 3/12 : COPY package*.json ./
 ---> b7e558c4e01b
Step 4/12 : RUN npm install
 ---> Running in 295e5393d4fb
[91mnpm warn deprecated whatwg-encoding@1.0.5: Use @exodus/bytes instead for a more spec-conformant and faster implementation
[0m[91mnpm warn deprecated w3c-hr-time@1.0.2: Use your platform's native performance.now() and performance.timeOrigin.
[0m[91mnpm warn deprecated stable@0.1.8: Modern JS already guarantees Array#sort() is a stable sort, so this library is deprecated. See the compatibility table on MDN: https://developer.mozilla.org/en-US/docs/Web/JavaScript/Reference/Global_Objects/Array/sort#browser_compatibility
[0m[91mnpm warn deprecated sourcemap-codec@1.4.8: Please use @jridgewell/sourcemap-codec instead
[0m[91mnpm warn deprecated rimraf@3.0.2: Rimraf versions prior to v4 are no longer supported
[0m[91mnpm warn deprecated rollup-plugin-terser@7.0.2: This package has been deprecated and is no longer maintained. Please use @rollup/plugin-terser
[0m[91mnpm warn deprecated q@1.5.1: You or someone you depend on is using Q, the JavaScript Promise library that gave JavaScript developers strong feelings about promises. They can almost certainly migrate to the native JavaScript promise now. Thank you literally everyone for joining me in this bet against the odds. Be excellent to each other.
npm warn deprecated
npm warn deprecated (For a CapTP with native promises, see @endo/eventual-send and @endo/captp)
[0m[91mnpm warn deprecated workbox-cacheable-response@6.6.0: workbox-background-sync@6.6.0
[0m[91mnpm warn deprecated workbox-google-analytics@6.6.0: It is not compatible with newer versions of GA starting with v4, as long as you are using GAv3 it should be ok, but the package is not longer being maintained
[0m[91mnpm warn deprecated inflight@1.0.6: This module is not supported, and leaks memory. Do not use it. Check out lru-cache if you want a good and tested way to coalesce async requests by a key value, which is much more comprehensive and powerful.
[0m[91mnpm warn deprecated glob@7.2.3: Glob versions prior to v9 are no longer supported
[0m[91mnpm warn deprecated domexception@2.0.1: Use your platform's native DOMException instead
[0m[91mnpm warn deprecated abab@2.0.6: Use your platform's native atob() and btoa() methods instead
[0m[91mnpm warn deprecated @humanwhocodes/object-schema@2.0.3: Use @eslint/object-schema instead
[0m[91mnpm warn deprecated @humanwhocodes/config-array@0.13.0: Use @eslint/config-array instead
[0m[91mnpm warn deprecated svgo@1.3.2: This SVGO version is no longer supported. Upgrade to v2.x.x.
[0m[91mnpm warn deprecated @babel/plugin-proposal-private-methods@7.18.6: This proposal has been merged to the ECMAScript standard and thus this plugin is no longer maintained. Please use @babel/plugin-transform-private-methods instead.
[0m[91mnpm warn deprecated @babel/plugin-proposal-optional-chaining@7.21.0: This proposal has been merged to the ECMAScript standard and thus this plugin is no longer maintained. Please use @babel/plugin-transform-optional-chaining instead.
[0m[91mnpm warn deprecated @babel/plugin-proposal-nullish-coalescing-operator@7.18.6: This proposal has been merged to the ECMAScript standard and thus this plugin is no longer maintained. Please use @babel/plugin-transform-nullish-coalescing-operator instead.
[0m[91mnpm warn deprecated @babel/plugin-proposal-numeric-separator@7.18.6: This proposal has been merged to the ECMAScript standard and thus this plugin is no longer maintained. Please use @babel/plugin-transform-numeric-separator instead.
[0m[91mnpm warn deprecated @babel/plugin-proposal-class-properties@7.18.6: This proposal has been merged to the ECMAScript standard and thus this plugin is no longer maintained. Please use @babel/plugin-transform-class-properties instead.
[0m[91mnpm warn deprecated @babel/plugin-proposal-private-property-in-object@7.21.11: This proposal has been merged to the ECMAScript standard and thus this plugin is no longer maintained. Please use @babel/plugin-transform-private-property-in-object instead.
[0m[91mnpm warn deprecated source-map@0.8.0-beta.0: The work that was done in this beta branch won't be included in future versions
[0m[91mnpm warn deprecated eslint@8.57.1: This version is no longer supported. Please see https://eslint.org/version-support for other options.
[0m
added 1341 packages, and audited 1342 packages in 1m

275 packages are looking for funding
  run `npm fund` for details

9 vulnerabilities (3 moderate, 6 high)

To address all issues (including breaking changes), run:
  npm audit fix --force

Run `npm audit` for details.
[91mnpm notice
npm notice New major version of npm available! 10.8.2 -> 11.7.0
npm notice Changelog: https://github.com/npm/cli/releases/tag/v11.7.0
npm notice To update run: npm install -g npm@11.7.0
npm notice
[0m ---> Removed intermediate container 295e5393d4fb
 ---> ba0a6cec78ce
Step 5/12 : COPY . .
 ---> add635024a0e
Step 6/12 : RUN npm run build
 ---> Running in d9ccd8c3ce05

> bill-automation-client@0.1.0 build
> react-scripts build

Creating an optimized production build...
[91m
<--- Last few GCs --->

[24:0x72383c666060]   109691 ms: Scavenge 460.0 (486.0) -> 457.3 (486.3) MB, 8.6 / 0.0 ms  (average mu = 0.251, current mu = 0.111) allocation failure; 
[24:0x72383c666060]   109748 ms: Scavenge 460.9 (486.5) -> 458.3 (487.0) MB, 3.8 / 0.0 ms  (average mu = 0.251, current mu = 0.111) allocation failure; 
[24:0x72383c666060]   110643 ms: Mark-sweep 461.5 (487.0) -> 452.6 (487.0) MB, 845.7 / 0.0 ms  (average mu = 0.359, current mu = 0.449) allocation failure; scavenge might not succeed


<--- JS stacktrace --->

FATAL ERROR: Ineffective mark-compacts near heap limit Allocation failed - JavaScript heap out of memory
[0mThe command '/bin/sh -c npm run build' returned a non-zero code: 1
[0;32m✓ Docker images built successfully[0m
[0;34mℹ Starting containers...[0m
time="2025-12-30T07:26:04Z" level=warning msg="Docker Compose requires buildx plugin to be installed"
 Image bill-automation-frontend Building 
 Image bill-automation-frontend Building 
Sending build context to Docker daemon  165.6kB
Step 1/12 : FROM node:18-alpine AS build
 ---> ee77c6cd7c18
Step 2/12 : WORKDIR /app
 ---> Using cache
 ---> 851f686a9561
Step 3/12 : COPY package*.json ./
 ---> Using cache
 ---> b7e558c4e01b
Step 4/12 : RUN npm install
 ---> Using cache
 ---> ba0a6cec78ce
Step 5/12 : COPY . .
 ---> Using cache
 ---> add635024a0e
Step 6/12 : RUN npm run build
 ---> Running in 38ae9974b4e4

> bill-automation-client@0.1.0 build
> react-scripts build

Creating an optimized production build...
[91m
<--- Last few GCs --->

[24:0x7f3f2d2ca060]   110910 ms: Scavenge 457.4 (486.3) -> 454.9 (486.8) MB, 7.4 / 0.0 ms  (average mu = 0.272, current mu = 0.142) allocation failure; 
[24:0x7f3f2d2ca060]   110964 ms: Scavenge 458.3 (486.8) -> 455.7 (487.5) MB, 4.4 / 0.0 ms  (average mu = 0.272, current mu = 0.142) allocation failure; 
[24:0x7f3f2d2ca060]   111838 ms: Mark-sweep 459.1 (487.5) -> 450.1 (487.3) MB, 840.5 / 0.0 ms  (average mu = 0.384, current mu = 0.473) allocation failure; scavenge might not succeed


<--- JS stacktrace --->

FATAL ERROR: Ineffective mark-compacts near heap limit Allocation failed - JavaScript heap out of memory
[0mThe command '/bin/sh -c npm run build' returned a non-zero code: 1
[0;32m✓ Containers started[0m
[0;34mℹ Waiting for containers to be ready (30 seconds)...[0m
[0;34mℹ Checking container status...[0m
[0;31m✗ Backend container is not running (Status: not found)[0m
